2024-06-28 14:12:24,834 [Worker-5: Loading available Gradle versions] INFO  o.e.b.c.i.u.g.PublishedGradleVersions - Gradle version information cache is not available. Remote download required.
2024-07-01 09:50:23,605 [Worker-1: Loading available Gradle versions] INFO  o.e.b.c.i.u.g.PublishedGradleVersions - Gradle version information cache is up-to-date. Trying to read.
2024-07-01 11:53:05,812 [Worker-2: Loading available Gradle versions] INFO  o.e.b.c.i.u.g.PublishedGradleVersions - Gradle version information cache is up-to-date. Trying to read.
2024-07-01 17:02:32,930 [Worker-2: Loading available Gradle versions] INFO  o.e.b.c.i.u.g.PublishedGradleVersions - Gradle version information cache is up-to-date. Trying to read.
2024-07-01 17:05:59,155 [Worker-3: Loading available Gradle versions] INFO  o.e.b.c.i.u.g.PublishedGradleVersions - Gradle version information cache is up-to-date. Trying to read.
2024-07-01 17:16:15,046 [Worker-1: Loading available Gradle versions] INFO  o.e.b.c.i.u.g.PublishedGradleVersions - Gradle version information cache is up-to-date. Trying to read.
2024-07-01 17:31:38,124 [Worker-4: Loading available Gradle versions] INFO  o.e.b.c.i.u.g.PublishedGradleVersions - Gradle version information cache is up-to-date. Trying to read.
2024-07-02 08:56:14,031 [Worker-2: Loading available Gradle versions] INFO  o.e.b.c.i.u.g.PublishedGradleVersions - Gradle version information cache is out-of-date. Trying to update.
2024-07-02 16:41:37,368 [main] ERROR o.e.m.j.u.i.DownloadSourcesActionDelegate - Could not schedule source download
org.eclipse.jdt.core.JavaModelException: test22 does not exist
	at org.eclipse.jdt.internal.core.JavaElement.newJavaModelException(JavaElement.java:572)
	at org.eclipse.jdt.internal.core.Openable.generateInfos(Openable.java:233)
	at org.eclipse.jdt.internal.core.Openable.openAncestors(Openable.java:507)
	at org.eclipse.jdt.internal.core.Openable.generateInfos(Openable.java:227)
	at org.eclipse.jdt.internal.core.JavaElement.openWhenClosed(JavaElement.java:585)
	at org.eclipse.jdt.internal.core.JavaElement.getElementInfo(JavaElement.java:308)
	at org.eclipse.jdt.internal.core.JavaElement.getElementInfo(JavaElement.java:294)
	at org.eclipse.jdt.internal.core.PackageFragmentRoot.getKind(PackageFragmentRoot.java:533)
	at org.eclipse.jdt.internal.core.PackageFragmentRoot.getSourceAttachmentPath(PackageFragmentRoot.java:658)
	at org.eclipse.m2e.jdt.ui.internal.DownloadSourcesActionDelegate.setActiveEditor(DownloadSourcesActionDelegate.java:50)
	at org.eclipse.ui.internal.EditorPluginAction.editorChanged(EditorPluginAction.java:69)
	at org.eclipse.ui.internal.EditorActionBuilder$EditorContribution.editorChanged(EditorActionBuilder.java:77)
	at org.eclipse.ui.internal.EditorActionBuilder$ExternalContributor.setActiveEditor(EditorActionBuilder.java:123)
	at org.eclipse.ui.internal.EditorActionBars.partChanged(EditorActionBars.java:338)
	at org.eclipse.ui.internal.WorkbenchPage.updateActivations(WorkbenchPage.java:325)
	at org.eclipse.ui.internal.WorkbenchPage$E4PartListener.partActivated(WorkbenchPage.java:214)
	at org.eclipse.e4.ui.internal.workbench.PartServiceImpl$2.run(PartServiceImpl.java:250)
	at org.eclipse.core.runtime.SafeRunner.run(SafeRunner.java:47)
	at org.eclipse.e4.ui.internal.workbench.PartServiceImpl.firePartActivated(PartServiceImpl.java:247)
	at org.eclipse.e4.ui.internal.workbench.PartServiceImpl.activate(PartServiceImpl.java:780)
	at org.eclipse.e4.ui.internal.workbench.PartServiceImpl.activate(PartServiceImpl.java:686)
	at org.eclipse.e4.ui.internal.workbench.PartServiceImpl.activate(PartServiceImpl.java:681)
	at org.eclipse.ui.internal.WorkbenchPage.busyOpenEditor(WorkbenchPage.java:3236)
	at org.eclipse.ui.internal.WorkbenchPage.lambda$11(WorkbenchPage.java:3118)
	at org.eclipse.swt.custom.BusyIndicator.showWhile(BusyIndicator.java:67)
	at org.eclipse.ui.internal.WorkbenchPage.openEditor(WorkbenchPage.java:3116)
	at org.eclipse.ui.internal.WorkbenchPage.openEditor(WorkbenchPage.java:3086)
	at org.eclipse.ui.internal.WorkbenchPage.openEditor(WorkbenchPage.java:3077)
	at org.eclipse.jdt.internal.ui.javaeditor.EditorUtility.openInEditor(EditorUtility.java:383)
	at org.eclipse.jdt.internal.ui.javaeditor.EditorUtility.openInEditor(EditorUtility.java:184)
	at org.eclipse.jdt.ui.actions.OpenAction.run(OpenAction.java:288)
	at org.eclipse.jdt.ui.actions.OpenAction.run(OpenAction.java:254)
	at org.eclipse.jdt.ui.actions.SelectionDispatchAction.dispatchRun(SelectionDispatchAction.java:274)
	at org.eclipse.jdt.ui.actions.SelectionDispatchAction.run(SelectionDispatchAction.java:252)
	at org.eclipse.jdt.internal.ui.navigator.OpenAndExpand.run(OpenAndExpand.java:53)
	at org.eclipse.ui.actions.RetargetAction.run(RetargetAction.java:215)
	at org.eclipse.ui.navigator.CommonNavigatorManager$1.open(CommonNavigatorManager.java:184)
	at org.eclipse.ui.OpenAndLinkWithEditorHelper$InternalListener.open(OpenAndLinkWithEditorHelper.java:48)
	at org.eclipse.jface.viewers.StructuredViewer$2.run(StructuredViewer.java:799)
	at org.eclipse.core.runtime.SafeRunner.run(SafeRunner.java:47)
	at org.eclipse.jface.util.SafeRunnable.run(SafeRunnable.java:174)
	at org.eclipse.jface.viewers.StructuredViewer.fireOpen(StructuredViewer.java:796)
	at org.eclipse.jface.viewers.StructuredViewer.handleOpen(StructuredViewer.java:1110)
	at org.eclipse.ui.navigator.CommonViewer.handleOpen(CommonViewer.java:451)
	at org.eclipse.jface.util.OpenStrategy.fireOpenEvent(OpenStrategy.java:295)
	at org.eclipse.jface.util.OpenStrategy$1.handleEvent(OpenStrategy.java:330)
	at org.eclipse.swt.widgets.EventTable.sendEvent(EventTable.java:91)
	at org.eclipse.swt.widgets.Display.sendEvent(Display.java:4285)
	at org.eclipse.swt.widgets.Widget.sendEvent(Widget.java:1160)
	at org.eclipse.swt.widgets.Display.runDeferredEvents(Display.java:4083)
	at org.eclipse.swt.widgets.Display.readAndDispatch(Display.java:3673)
	at org.eclipse.e4.ui.internal.workbench.swt.PartRenderingEngine$5.run(PartRenderingEngine.java:1151)
	at org.eclipse.core.databinding.observable.Realm.runWithDefault(Realm.java:339)
	at org.eclipse.e4.ui.internal.workbench.swt.PartRenderingEngine.run(PartRenderingEngine.java:1042)
	at org.eclipse.e4.ui.internal.workbench.E4Workbench.createAndRunUI(E4Workbench.java:152)
	at org.eclipse.ui.internal.Workbench.lambda$3(Workbench.java:639)
	at org.eclipse.core.databinding.observable.Realm.runWithDefault(Realm.java:339)
	at org.eclipse.ui.internal.Workbench.createAndRunWorkbench(Workbench.java:546)
	at org.eclipse.ui.PlatformUI.createAndRunWorkbench(PlatformUI.java:173)
	at org.eclipse.ui.internal.ide.application.IDEApplication.start(IDEApplication.java:152)
	at org.eclipse.equinox.internal.app.EclipseAppHandle.run(EclipseAppHandle.java:208)
	at org.eclipse.core.runtime.internal.adaptor.EclipseAppLauncher.runApplication(EclipseAppLauncher.java:143)
	at org.eclipse.core.runtime.internal.adaptor.EclipseAppLauncher.start(EclipseAppLauncher.java:109)
	at org.eclipse.core.runtime.adaptor.EclipseStarter.run(EclipseStarter.java:439)
	at org.eclipse.core.runtime.adaptor.EclipseStarter.run(EclipseStarter.java:271)
	at java.base/jdk.internal.reflect.DirectMethodHandleAccessor.invoke(DirectMethodHandleAccessor.java:103)
	at java.base/java.lang.reflect.Method.invoke(Method.java:580)
	at org.eclipse.equinox.launcher.Main.invokeFramework(Main.java:668)
	at org.eclipse.equinox.launcher.Main.basicRun(Main.java:605)
	at org.eclipse.equinox.launcher.Main.run(Main.java:1481)
2024-07-02 16:41:43,955 [main] ERROR o.e.m.j.u.i.DownloadSourcesActionDelegate - Could not schedule source download
org.eclipse.jdt.core.JavaModelException: test22 does not exist
	at org.eclipse.jdt.internal.core.JavaElement.newJavaModelException(JavaElement.java:572)
	at org.eclipse.jdt.internal.core.Openable.generateInfos(Openable.java:233)
	at org.eclipse.jdt.internal.core.Openable.openAncestors(Openable.java:507)
	at org.eclipse.jdt.internal.core.Openable.generateInfos(Openable.java:227)
	at org.eclipse.jdt.internal.core.JavaElement.openWhenClosed(JavaElement.java:585)
	at org.eclipse.jdt.internal.core.JavaElement.getElementInfo(JavaElement.java:308)
	at org.eclipse.jdt.internal.core.JavaElement.getElementInfo(JavaElement.java:294)
	at org.eclipse.jdt.internal.core.PackageFragmentRoot.getKind(PackageFragmentRoot.java:533)
	at org.eclipse.jdt.internal.core.PackageFragmentRoot.getSourceAttachmentPath(PackageFragmentRoot.java:658)
	at org.eclipse.m2e.jdt.ui.internal.DownloadSourcesActionDelegate.setActiveEditor(DownloadSourcesActionDelegate.java:50)
	at org.eclipse.ui.internal.EditorPluginAction.editorChanged(EditorPluginAction.java:69)
	at org.eclipse.ui.internal.EditorActionBuilder$EditorContribution.editorChanged(EditorActionBuilder.java:77)
	at org.eclipse.ui.internal.EditorActionBuilder$ExternalContributor.setActiveEditor(EditorActionBuilder.java:123)
	at org.eclipse.ui.internal.EditorActionBars.partChanged(EditorActionBars.java:338)
	at org.eclipse.ui.internal.WorkbenchPage.updateActivations(WorkbenchPage.java:325)
	at org.eclipse.ui.internal.WorkbenchPage$E4PartListener.partActivated(WorkbenchPage.java:214)
	at org.eclipse.e4.ui.internal.workbench.PartServiceImpl$2.run(PartServiceImpl.java:250)
	at org.eclipse.core.runtime.SafeRunner.run(SafeRunner.java:47)
	at org.eclipse.e4.ui.internal.workbench.PartServiceImpl.firePartActivated(PartServiceImpl.java:247)
	at org.eclipse.e4.ui.internal.workbench.PartServiceImpl.activate(PartServiceImpl.java:780)
	at org.eclipse.e4.ui.internal.workbench.PartServiceImpl.activate(PartServiceImpl.java:686)
	at org.eclipse.e4.ui.internal.workbench.swt.AbstractPartRenderer.activate(AbstractPartRenderer.java:95)
	at org.eclipse.e4.ui.workbench.renderers.swt.StackRenderer.lambda$27(StackRenderer.java:1149)
	at org.eclipse.swt.widgets.EventTable.sendEvent(EventTable.java:91)
	at org.eclipse.swt.widgets.Display.sendEvent(Display.java:4285)
	at org.eclipse.swt.widgets.Widget.sendEvent(Widget.java:1160)
	at org.eclipse.swt.widgets.Widget.sendEvent(Widget.java:1184)
	at org.eclipse.swt.widgets.Widget.sendEvent(Widget.java:1169)
	at org.eclipse.swt.widgets.Shell.setActiveControl(Shell.java:1543)
	at org.eclipse.swt.widgets.Shell.WM_MOUSEACTIVATE(Shell.java:2475)
	at org.eclipse.swt.widgets.Control.windowProc(Control.java:4756)
	at org.eclipse.swt.widgets.Canvas.windowProc(Canvas.java:340)
	at org.eclipse.swt.widgets.Decorations.windowProc(Decorations.java:1482)
	at org.eclipse.swt.widgets.Shell.windowProc(Shell.java:2319)
	at org.eclipse.swt.widgets.Display.windowProc(Display.java:5050)
	at org.eclipse.swt.internal.win32.OS.DefWindowProc(Native Method)
	at org.eclipse.swt.widgets.Scrollable.callWindowProc(Scrollable.java:91)
	at org.eclipse.swt.widgets.Control.windowProc(Control.java:4813)
	at org.eclipse.swt.widgets.Display.windowProc(Display.java:5050)
	at org.eclipse.swt.internal.win32.OS.DefWindowProc(Native Method)
	at org.eclipse.swt.widgets.Scrollable.callWindowProc(Scrollable.java:91)
	at org.eclipse.swt.widgets.Control.windowProc(Control.java:4813)
	at org.eclipse.swt.widgets.Display.windowProc(Display.java:5050)
	at org.eclipse.swt.internal.win32.OS.DefWindowProc(Native Method)
	at org.eclipse.swt.widgets.Scrollable.callWindowProc(Scrollable.java:91)
	at org.eclipse.swt.widgets.Control.windowProc(Control.java:4813)
	at org.eclipse.swt.widgets.Display.windowProc(Display.java:5050)
	at org.eclipse.swt.internal.win32.OS.DefWindowProc(Native Method)
	at org.eclipse.swt.widgets.Scrollable.callWindowProc(Scrollable.java:91)
	at org.eclipse.swt.widgets.Control.windowProc(Control.java:4813)
	at org.eclipse.swt.widgets.Display.windowProc(Display.java:5050)
	at org.eclipse.swt.internal.win32.OS.DefWindowProc(Native Method)
	at org.eclipse.swt.widgets.Scrollable.callWindowProc(Scrollable.java:91)
	at org.eclipse.swt.widgets.Control.windowProc(Control.java:4813)
	at org.eclipse.swt.widgets.Display.windowProc(Display.java:5050)
	at org.eclipse.swt.internal.win32.OS.DefWindowProc(Native Method)
	at org.eclipse.swt.widgets.Scrollable.callWindowProc(Scrollable.java:91)
	at org.eclipse.swt.widgets.Control.windowProc(Control.java:4813)
	at org.eclipse.swt.widgets.Display.windowProc(Display.java:5050)
	at org.eclipse.swt.internal.win32.OS.DefWindowProc(Native Method)
	at org.eclipse.swt.widgets.Scrollable.callWindowProc(Scrollable.java:91)
	at org.eclipse.swt.widgets.Control.windowProc(Control.java:4813)
	at org.eclipse.swt.widgets.Display.windowProc(Display.java:5050)
	at org.eclipse.swt.internal.win32.OS.DefWindowProc(Native Method)
	at org.eclipse.swt.widgets.Scrollable.callWindowProc(Scrollable.java:91)
	at org.eclipse.swt.widgets.Control.windowProc(Control.java:4813)
	at org.eclipse.swt.widgets.Display.windowProc(Display.java:5050)
	at org.eclipse.swt.internal.win32.OS.PeekMessage(Native Method)
	at org.eclipse.swt.widgets.Display.readAndDispatch(Display.java:3668)
	at org.eclipse.e4.ui.internal.workbench.swt.PartRenderingEngine$5.run(PartRenderingEngine.java:1151)
	at org.eclipse.core.databinding.observable.Realm.runWithDefault(Realm.java:339)
	at org.eclipse.e4.ui.internal.workbench.swt.PartRenderingEngine.run(PartRenderingEngine.java:1042)
	at org.eclipse.e4.ui.internal.workbench.E4Workbench.createAndRunUI(E4Workbench.java:152)
	at org.eclipse.ui.internal.Workbench.lambda$3(Workbench.java:639)
	at org.eclipse.core.databinding.observable.Realm.runWithDefault(Realm.java:339)
	at org.eclipse.ui.internal.Workbench.createAndRunWorkbench(Workbench.java:546)
	at org.eclipse.ui.PlatformUI.createAndRunWorkbench(PlatformUI.java:173)
	at org.eclipse.ui.internal.ide.application.IDEApplication.start(IDEApplication.java:152)
	at org.eclipse.equinox.internal.app.EclipseAppHandle.run(EclipseAppHandle.java:208)
	at org.eclipse.core.runtime.internal.adaptor.EclipseAppLauncher.runApplication(EclipseAppLauncher.java:143)
	at org.eclipse.core.runtime.internal.adaptor.EclipseAppLauncher.start(EclipseAppLauncher.java:109)
	at org.eclipse.core.runtime.adaptor.EclipseStarter.run(EclipseStarter.java:439)
	at org.eclipse.core.runtime.adaptor.EclipseStarter.run(EclipseStarter.java:271)
	at java.base/jdk.internal.reflect.DirectMethodHandleAccessor.invoke(DirectMethodHandleAccessor.java:103)
	at java.base/java.lang.reflect.Method.invoke(Method.java:580)
	at org.eclipse.equinox.launcher.Main.invokeFramework(Main.java:668)
	at org.eclipse.equinox.launcher.Main.basicRun(Main.java:605)
	at org.eclipse.equinox.launcher.Main.run(Main.java:1481)
2024-07-02 16:49:56,575 [Worker-0: Loading available Gradle versions] INFO  o.e.b.c.i.u.g.PublishedGradleVersions - Gradle version information cache is up-to-date. Trying to read.
2024-07-03 08:52:47,464 [Worker-2: Loading available Gradle versions] INFO  o.e.b.c.i.u.g.PublishedGradleVersions - Gradle version information cache is up-to-date. Trying to read.
2024-07-03 16:36:50,513 [Worker-2: Loading available Gradle versions] INFO  o.e.b.c.i.u.g.PublishedGradleVersions - Gradle version information cache is out-of-date. Trying to update.
2024-07-04 08:45:36,708 [Worker-2: Loading available Gradle versions] INFO  o.e.b.c.i.u.g.PublishedGradleVersions - Gradle version information cache is up-to-date. Trying to read.
2024-07-04 12:02:26,485 [Worker-0: Loading available Gradle versions] INFO  o.e.b.c.i.u.g.PublishedGradleVersions - Gradle version information cache is up-to-date. Trying to read.
2024-07-05 08:45:29,062 [Worker-2: Loading available Gradle versions] INFO  o.e.b.c.i.u.g.PublishedGradleVersions - Gradle version information cache is out-of-date. Trying to update.
2024-07-08 08:39:21,281 [Worker-5: Loading available Gradle versions] INFO  o.e.b.c.i.u.g.PublishedGradleVersions - Gradle version information cache is out-of-date. Trying to update.
2024-07-08 16:44:46,066 [Worker-1: Loading available Gradle versions] INFO  o.e.b.c.i.u.g.PublishedGradleVersions - Gradle version information cache is up-to-date. Trying to read.
2024-07-09 09:42:42,596 [Worker-1: Loading available Gradle versions] INFO  o.e.b.c.i.u.g.PublishedGradleVersions - Gradle version information cache is out-of-date. Trying to update.
2024-07-10 08:58:12,341 [Worker-1: Loading available Gradle versions] INFO  o.e.b.c.i.u.g.PublishedGradleVersions - Gradle version information cache is up-to-date. Trying to read.
2024-07-10 17:27:14,189 [Worker-5: Loading available Gradle versions] INFO  o.e.b.c.i.u.g.PublishedGradleVersions - Gradle version information cache is out-of-date. Trying to update.
2024-07-10 17:44:56,747 [Worker-1: Loading available Gradle versions] INFO  o.e.b.c.i.u.g.PublishedGradleVersions - Gradle version information cache is up-to-date. Trying to read.
2024-07-11 09:18:26,506 [Worker-3: Loading available Gradle versions] INFO  o.e.b.c.i.u.g.PublishedGradleVersions - Gradle version information cache is up-to-date. Trying to read.
2024-07-12 09:42:49,393 [Worker-1: Loading available Gradle versions] INFO  o.e.b.c.i.u.g.PublishedGradleVersions - Gradle version information cache is out-of-date. Trying to update.
2024-07-15 08:48:01,475 [Worker-5: Loading available Gradle versions] INFO  o.e.b.c.i.u.g.PublishedGradleVersions - Gradle version information cache is out-of-date. Trying to update.
2024-07-16 08:34:33,709 [Worker-5: Loading available Gradle versions] INFO  o.e.b.c.i.u.g.PublishedGradleVersions - Gradle version information cache is up-to-date. Trying to read.
2024-07-17 09:01:11,746 [Worker-1: Loading available Gradle versions] INFO  o.e.b.c.i.u.g.PublishedGradleVersions - Gradle version information cache is out-of-date. Trying to update.
2024-07-18 09:01:54,045 [Worker-2: Loading available Gradle versions] INFO  o.e.b.c.i.u.g.PublishedGradleVersions - Gradle version information cache is out-of-date. Trying to update.
2024-07-19 09:03:04,375 [Worker-4: Loading available Gradle versions] INFO  o.e.b.c.i.u.g.PublishedGradleVersions - Gradle version information cache is out-of-date. Trying to update.
2024-07-23 09:03:42,119 [Worker-2: Loading available Gradle versions] INFO  o.e.b.c.i.u.g.PublishedGradleVersions - Gradle version information cache is out-of-date. Trying to update.
2024-07-24 08:45:12,023 [Worker-7: Loading available Gradle versions] INFO  o.e.b.c.i.u.g.PublishedGradleVersions - Gradle version information cache is up-to-date. Trying to read.
2024-07-25 09:04:52,363 [Worker-1: Loading available Gradle versions] INFO  o.e.b.c.i.u.g.PublishedGradleVersions - Gradle version information cache is out-of-date. Trying to update.
2024-07-26 09:07:14,885 [Worker-5: Loading available Gradle versions] INFO  o.e.b.c.i.u.g.PublishedGradleVersions - Gradle version information cache is out-of-date. Trying to update.
2024-07-26 17:34:42,051 [Worker-3: Loading available Gradle versions] INFO  o.e.b.c.i.u.g.PublishedGradleVersions - Gradle version information cache is up-to-date. Trying to read.
2024-07-29 08:50:15,898 [Worker-1: Loading available Gradle versions] INFO  o.e.b.c.i.u.g.PublishedGradleVersions - Gradle version information cache is out-of-date. Trying to update.
2024-07-30 09:40:40,925 [Worker-1: Loading available Gradle versions] INFO  o.e.b.c.i.u.g.PublishedGradleVersions - Gradle version information cache is out-of-date. Trying to update.
2024-07-31 08:55:17,824 [Worker-3: Loading available Gradle versions] INFO  o.e.b.c.i.u.g.PublishedGradleVersions - Gradle version information cache is up-to-date. Trying to read.
2024-08-01 09:00:35,862 [Worker-2: Loading available Gradle versions] INFO  o.e.b.c.i.u.g.PublishedGradleVersions - Gradle version information cache is out-of-date. Trying to update.
2024-08-02 08:46:36,775 [Worker-5: Loading available Gradle versions] INFO  o.e.b.c.i.u.g.PublishedGradleVersions - Gradle version information cache is up-to-date. Trying to read.
2024-08-02 10:04:02,345 [Worker-7: Loading available Gradle versions] INFO  o.e.b.c.i.u.g.PublishedGradleVersions - Gradle version information cache is out-of-date. Trying to update.
2024-08-02 12:21:50,275 [Worker-7: Loading available Gradle versions] INFO  o.e.b.c.i.u.g.PublishedGradleVersions - Gradle version information cache is up-to-date. Trying to read.
